<?xml version="1.0" encoding="UTF-8" ?>
<testsuite errors="0" failures="0" hostname="pengl-PC" name="junitTest.jobSearch" skipped="0" tests="4" time="112.055" timestamp="2018-03-07T21:18:22">
  <properties>
[...]
</properties>
  <testcase classname="junitTest.jobSearch" name="jobSearchTestCase001" time="38.975" />
  <testcase classname="junitTest.jobSearch" name="jobSearchTestCase002" time="22.722" />
  <testcase classname="junitTest.jobSearch" name="jobSearchTestCase003" time="25.668" />
  <testcase classname="junitTest.jobSearch" name="jobSearchTestCase004" time="24.364" />
  <system-out><![CDATA[]]></system-out>
  <system-err><![CDATA[三月 08, 2018 10:18:43 上午 org.openqa.selenium.remote.ProtocolHandshake createSession
信息: Detected dialect: OSS
三月 08, 2018 10:19:10 上午 org.openqa.selenium.remote.ProtocolHandshake createSession
信息: Detected dialect: OSS
三月 08, 2018 10:19:32 上午 org.openqa.selenium.remote.ProtocolHandshake createSession
信息: Detected dialect: OSS
三月 08, 2018 10:19:58 上午 org.openqa.selenium.remote.ProtocolHandshake createSession
信息: Detected dialect: OSS
]]></system-err>
</testsuite>
